#
# A fatal error has been detected by the Java Runtime Environment:
#
#  SIGSEGV (0xb) at pc=0x00007f36b1da7ca6, pid=9981, tid=139872900405008
#
# JRE version: 6.0_17-b17
# Java VM: OpenJDK 64-Bit Server VM (14.0-b16 mixed mode linux-amd64 )
# Derivative: IcedTea6 1.7.3
# Distribution: Custom build (Mon Jul  5 23:33:10 UTC 2010)
# Problematic frame:
# C  [libc.so.6+0x7bca6]  strcpy+0x56
#
# An error report file with more information is saved as:
# /home/test/dist/hs_err_pid9981.log
#
# If you would like to submit a bug report, please include
# instructions how to reproduce the bug and visit:
#   http://icedtea.classpath.org/bugzilla
# The crash happened outside the Java Virtual Machine in native code.
# See problematic frame for where to report the bug.
#
run.sh: line 4:  9981 アボートしました$JAVA_HOME -cp '.:./*' groovy.ui.GroovyMain runtest.groovy
