Extracting jar:file:/home/test/dist/lfm.jar!/libraries/Linux-amd64/
Extracting jar:file:/home/test/dist/lfm.jar!/libraries/Linux-amd64/libDi5Numeric.so
Extracting jar:file:/home/test/dist/lfm.jar!/libraries/Linux-amd64/libDi5Engine3.so
#
# A fatal error has been detected by the Java Runtime Environment:
#
#  SIGSEGV (0xb) at pc=0x00007f5dad526424, pid=2509, tid=140040329791248
#
# JRE version: 6.0_20-b20
# Java VM: OpenJDK 64-Bit Server VM (19.0-b09 mixed mode linux-amd64 )
# Derivative: IcedTea6 1.9.2
# Distribution: Ubuntu 10.10, package 6b20-1.9.2-0ubuntu2
# Problematic frame:
# C  [libc.so.6+0x12a424]
#
# An error report file with more information is saved as:
# /home/test/dist/hs_err_pid2509.log
#
# If you would like to submit a bug report, please include
# instructions how to reproduce the bug and visit:
#   https://bugs.launchpad.net/ubuntu/+source/openjdk-6/
# The crash happened outside the Java Virtual Machine in native code.
# See problematic frame for where to report the bug.
#
Aborted
