
C:\opt\win64JNA\dist>set JAVA_HOME=c:\opt\jdk 

C:\opt\win64JNA\dist>c:\opt\jdk/bin/java -cp ".;./*" groovy.ui.GroovyMain runtest.groovy 
version=50463235
serial=<com.sun.jna.Pointer@8958410 peer=144016400>
#
# A fatal error has been detected by the Java Runtime Environment:
#
#  EXCEPTION_ACCESS_VIOLATION (0xc0000005) at pc=0x00000000087c5762, pid=2128, tid=2980
#
# JRE version: 6.0_24-b07
# Java VM: Java HotSpot(TM) 64-Bit Server VM (19.1-b02 mixed mode windows-amd64 compressed oops)
# Problematic frame:
# C  [Di5Engine3.dll+0xe5762]
#
# An error report file with more information is saved as:
# C:\opt\win64JNA\dist\hs_err_pid2128.log
#
# If you would like to submit a bug report, please visit:
#   http://java.sun.com/webapps/bugreport/crash.jsp
# The crash happened outside the Java Virtual Machine in native code.
# See problematic frame for where to report the bug.
#

C:\opt\win64JNA\dist>pause
‘±s‚·‚é‚É‚Í‰½‚©ƒL[‚ğ‰Ÿ‚µ‚Ä‚­‚¾‚³‚¢ . . . 
